<?xml version="1.0" encoding="UTF-8"?>
<testsuite xmlns:xsi="http://www.w3.org/2001/XMLSchema-instance" xsi:noNamespaceSchemaLocation="https://maven.apache.org/surefire/maven-surefire-plugin/xsd/surefire-test-report.xsd" name="Tests" time="0.02" tests="4" errors="0" skipped="0" failures="0">
  <properties>
[...]
</properties>
  <testcase name="Dividable_By_Hundred_But_Not_Four_Hundred" classname="Tests" time="0.016"/>
  <testcase name="Dividable_By_Four_Hundred" classname="Tests" time="0"/>
  <testcase name="Not_Dividable_By_Four" classname="Tests" time="0"/>
  <testcase name="Dividable_By_Four_But_Not_Hundred" classname="Tests" time="0.001"/>
</testsuite>